[    13.022] (WW) Failed to open protocol names file lib/xorg/protocol.txt
[    13.022] 
X.Org X Server 1.20.10
X Protocol Version 11, Revision 0
[    13.022] Build Operating System: Linux Arch Linux
[    13.022] Current Operating System: Linux neptune 5.10.14-arch1-1 #1 SMP PREEMPT Sun, 07 Feb 2021 22:42:17 +0000 x86_64
[    13.022] Kernel command line: BOOT_IMAGE=/boot/vmlinuz-linux root=UUID=986d8b08-9563-4383-96f0-58c0e3c97c82 rw loglevel=3 quiet
[    13.023] Build Date: 14 December 2020  12:10:29PM
[    13.023]  
[    13.023] Current version of pixman: 0.40.0
[    13.023] 	Before reporting problems, check http://wiki.x.org
	to make sure that you have the latest version.
[    13.023] Markers: (--) probed, (**) from config file, (==) default setting,
	(++) from command line, (!!) notice, (II) informational,
	(WW) warning, (EE) error, (NI) not implemented, (??) unknown.
[    13.023] (==) Log file: "/home/naut/.local/share/xorg/Xorg.0.log", Time: Wed Feb 10 14:12:05 2021
[    13.025] (==) Using config directory: "/etc/X11/xorg.conf.d"
[    13.025] (==) Using system config directory "/usr/share/X11/xorg.conf.d"
[    13.025] (==) No Layout section.  Using the first Screen section.
[    13.025] (==) No screen section available. Using defaults.
[    13.025] (**) |-->Screen "Default Screen Section" (0)
[    13.025] (**) |   |-->Monitor "<default monitor>"
[    13.026] (==) No monitor specified for screen "Default Screen Section".
	Using a default monitor configuration.
[    13.026] (==) Automatically adding devices
[    13.026] (==) Automatically enabling devices
[    13.026] (==) Automatically adding GPU devices
[    13.026] (==) Automatically binding GPU devices
[    13.026] (==) Max clients allowed: 256, resource mask: 0x1fffff
[    13.027] (WW) `fonts.dir' not found (or not valid) in "/usr/share/fonts/misc".
[    13.027] 	Entry deleted from font path.
[    13.027] 	(Run 'mkfontdir' on "/usr/share/fonts/misc").
[    13.027] (WW) `fonts.dir' not found (or not valid) in "/usr/share/fonts/TTF".
[    13.027] 	Entry deleted from font path.
[    13.027] 	(Run 'mkfontdir' on "/usr/share/fonts/TTF").
[    13.027] (WW) The directory "/usr/share/fonts/OTF" does not exist.
[    13.027] 	Entry deleted from font path.
[    13.027] (WW) The directory "/usr/share/fonts/Type1" does not exist.
[    13.027] 	Entry deleted from font path.
[    13.027] (WW) The directory "/usr/share/fonts/100dpi" does not exist.
[    13.027] 	Entry deleted from font path.
[    13.027] (WW) The directory "/usr/share/fonts/75dpi" does not exist.
[    13.027] 	Entry deleted from font path.
[    13.027] (==) FontPath set to:
	
[    13.027] (==) ModulePath set to "/usr/lib/xorg/modules"
[    13.027] (II) The server relies on udev to provide the list of input devices.
	If no devices become available, reconfigure udev or disable AutoAddDevices.
[    13.027] (II) Module ABI versions:
[    13.027] 	X.Org ANSI C Emulation: 0.4
[    13.027] 	X.Org Video Driver: 24.1
[    13.027] 	X.Org XInput driver : 24.1
[    13.027] 	X.Org Server Extension : 10.0
[    13.028] (++) using VT number 1

[    13.030] (II) systemd-logind: took control of session /org/freedesktop/login1/session/_31
[    13.031] (II) xfree86: Adding drm device (/dev/dri/card0)
[    13.032] (II) systemd-logind: got fd for /dev/dri/card0 226:0 fd 10 paused 0
[    13.035] (--) PCI:*(0@0:2:0) 8086:5917:1d72:1703 rev 7, Mem @ 0xb2000000/16777216, 0xc0000000/268435456, I/O @ 0x00004000/64, BIOS @ 0x????????/131072
[    13.035] (--) PCI: (1@0:0:0) 10de:1d12:1d72:1703 rev 161, Mem @ 0xb3000000/16777216, 0xa0000000/268435456, 0xb0000000/33554432, I/O @ 0x00003000/128
[    13.035] (WW) Open ACPI failed (/var/run/acpid.socket) (No such file or directory)
[    13.035] (II) LoadModule: "glx"
[    13.036] (II) Loading /usr/lib/xorg/modules/extensions/libglx.so
[    13.040] (II) Module glx: vendor="X.Org Foundation"
[    13.041] 	compiled for 1.20.10, module version = 1.0.0
[    13.041] 	ABI class: X.Org Server Extension, version 10.0
[    13.041] (==) Matched intel as autoconfigured driver 0
[    13.041] (==) Matched modesetting as autoconfigured driver 1
[    13.041] (==) Matched fbdev as autoconfigured driver 2
[    13.041] (==) Matched vesa as autoconfigured driver 3
[    13.041] (==) Assigned the driver to the xf86ConfigLayout
[    13.041] (II) LoadModule: "intel"
[    13.041] (II) Loading /usr/lib/xorg/modules/drivers/intel_drv.so
[    13.042] (II) Module intel: vendor="X.Org Foundation"
[    13.042] 	compiled for 1.20.10, module version = 2.99.917
[    13.042] 	Module class: X.Org Video Driver
[    13.042] 	ABI class: X.Org Video Driver, version 24.1
[    13.042] (II) LoadModule: "modesetting"
[    13.042] (II) Loading /usr/lib/xorg/modules/drivers/modesetting_drv.so
[    13.044] (II) Module modesetting: vendor="X.Org Foundation"
[    13.044] 	compiled for 1.20.10, module version = 1.20.10
[    13.044] 	Module class: X.Org Video Driver
[    13.044] 	ABI class: X.Org Video Driver, version 24.1
[    13.044] (II) LoadModule: "fbdev"
[    13.044] (WW) Warning, couldn't open module fbdev
[    13.044] (EE) Failed to load module "fbdev" (module does not exist, 0)
[    13.044] (II) LoadModule: "vesa"
[    13.044] (WW) Warning, couldn't open module vesa
[    13.044] (EE) Failed to load module "vesa" (module does not exist, 0)
[    13.044] (II) intel: Driver for Intel(R) Integrated Graphics Chipsets:
	i810, i810-dc100, i810e, i815, i830M, 845G, 854, 852GM/855GM, 865G,
	915G, E7221 (i915), 915GM, 945G, 945GM, 945GME, Pineview GM,
	Pineview G, 965G, G35, 965Q, 946GZ, 965GM, 965GME/GLE, G33, Q35, Q33,
	GM45, 4 Series, G45/G43, Q45/Q43, G41, B43
[    13.045] (II) intel: Driver for Intel(R) HD Graphics
[    13.045] (II) intel: Driver for Intel(R) Iris(TM) Graphics
[    13.045] (II) intel: Driver for Intel(R) Iris(TM) Pro Graphics
[    13.045] (II) modesetting: Driver for Modesetting Kernel Drivers: kms
[    13.045] xf86EnableIOPorts: failed to set IOPL for I/O (Operation not permitted)
[    13.045] (II) intel(0): Using Kernel Mode Setting driver: i915, version 1.6.0 20200917
[    13.045] (II) intel(0): SNA compiled from 2.99.917-916-g31486f40
[    13.060] (WW) Falling back to old probe method for modesetting
[    13.060] (WW) VGA arbiter: cannot open kernel arbiter, no multi-card support
[    13.061] (--) intel(0): gen9 engineering sample
[    13.061] (--) intel(0): CPU: x86-64, sse2, sse3, ssse3, sse4.1, sse4.2, avx, avx2; using a maximum of 4 threads
[    13.061] (II) intel(0): Creating default Display subsection in Screen section
	"Default Screen Section" for depth/fbbpp 24/32
[    13.061] (==) intel(0): Depth 24, (--) framebuffer bpp 32
[    13.061] (==) intel(0): RGB weight 888
[    13.061] (==) intel(0): Default visual is TrueColor
[    13.062] (II) intel(0): Output eDP1 has no monitor section
[    13.062] (**) intel(0): Found backlight control interface intel_backlight (type 'raw') for output eDP1
[    13.062] (II) intel(0): Enabled output eDP1
[    13.062] (II) intel(0): Output DP1 has no monitor section
[    13.063] (II) intel(0): Enabled output DP1
[    13.063] (II) intel(0): Output HDMI1 has no monitor section
[    13.063] (II) intel(0): Enabled output HDMI1
[    13.063] (II) intel(0): Output HDMI2 has no monitor section
[    13.063] (II) intel(0): Enabled output HDMI2
[    13.063] (--) intel(0): Using a maximum size of 256x256 for hardware cursors
[    13.063] (II) intel(0): Output VIRTUAL1 has no monitor section
[    13.063] (II) intel(0): Enabled output VIRTUAL1
[    13.063] (--) intel(0): Output eDP1 using initial mode 1920x1080 on pipe 0
[    13.063] (==) intel(0): TearFree enabled
[    13.063] (==) intel(0): Using gamma correction (1.0, 1.0, 1.0)
[    13.063] (==) intel(0): DPI set to (96, 96)
[    13.063] (II) Loading sub module "dri3"
[    13.064] (II) LoadModule: "dri3"
[    13.064] (II) Module "dri3" already built-in
[    13.064] (II) Loading sub module "dri2"
[    13.064] (II) LoadModule: "dri2"
[    13.064] (II) Module "dri2" already built-in
[    13.064] (II) Loading sub module "present"
[    13.064] (II) LoadModule: "present"
[    13.064] (II) Module "present" already built-in
[    13.064] (II) UnloadModule: "modesetting"
[    13.064] (II) Unloading modesetting
[    13.065] (II) intel(0): SNA initialized with Kabylake (gen9) backend
[    13.065] (==) intel(0): Backing store enabled
[    13.065] (==) intel(0): Silken mouse disabled
[    13.066] (II) intel(0): HW Cursor enabled
[    13.066] (==) intel(0): DPMS enabled
[    13.066] (==) intel(0): Display hotplug detection enabled
[    13.067] (II) intel(0): [DRI2] Setup complete
[    13.067] (II) intel(0): [DRI2]   DRI driver: i965
[    13.067] (II) intel(0): [DRI2]   VDPAU driver: va_gl
[    13.067] (II) intel(0): direct rendering: DRI2 DRI3 enabled
[    13.067] (II) intel(0): hardware support for Present enabled
[    13.067] (II) Initializing extension Generic Event Extension
[    13.067] (II) Initializing extension SHAPE
[    13.067] (II) Initializing extension MIT-SHM
[    13.067] (II) Initializing extension XInputExtension
[    13.067] (II) Initializing extension XTEST
[    13.067] (II) Initializing extension BIG-REQUESTS
[    13.067] (II) Initializing extension SYNC
[    13.067] (II) Initializing extension XKEYBOARD
[    13.067] (II) Initializing extension XC-MISC
[    13.067] (II) Initializing extension SECURITY
[    13.067] (II) Initializing extension XFIXES
[    13.067] (II) Initializing extension RENDER
[    13.067] (II) Initializing extension RANDR
[    13.067] (II) Initializing extension COMPOSITE
[    13.067] (II) Initializing extension DAMAGE
[    13.067] (II) Initializing extension MIT-SCREEN-SAVER
[    13.067] (II) Initializing extension DOUBLE-BUFFER
[    13.067] (II) Initializing extension RECORD
[    13.067] (II) Initializing extension DPMS
[    13.067] (II) Initializing extension Present
[    13.067] (II) Initializing extension DRI3
[    13.067] (II) Initializing extension X-Resource
[    13.067] (II) Initializing extension XVideo
[    13.067] (II) Initializing extension XVideo-MotionCompensation
[    13.067] (II) Initializing extension GLX
[    13.093] (II) AIGLX: Loaded and initialized i965
[    13.093] (II) GLX: Initialized DRI2 GL provider for screen 0
[    13.093] (II) Initializing extension XFree86-VidModeExtension
[    13.093] (II) Initializing extension XFree86-DGA
[    13.093] (II) Initializing extension XFree86-DRI
[    13.093] (II) Initializing extension DRI2
[    13.097] (II) intel(0): switch to mode 1920x1080@60.0 on eDP1 using pipe 0, position (0, 0), rotation normal, reflection none
[    13.106] (II) intel(0): Setting screen physical size to 508 x 285
[    13.161] (II) config/udev: Adding input device Power Button (/dev/input/event2)
[    13.161] (**) Power Button: Applying InputClass "libinput keyboard catchall"
[    13.161] (**) Power Button: Applying InputClass "system-keyboard"
[    13.161] (II) LoadModule: "libinput"
[    13.161] (II) Loading /usr/lib/xorg/modules/input/libinput_drv.so
[    13.164] (II) Module libinput: vendor="X.Org Foundation"
[    13.164] 	compiled for 1.20.8, module version = 0.30.0
[    13.164] 	Module class: X.Org XInput Driver
[    13.164] 	ABI class: X.Org XInput driver, version 24.1
[    13.164] (II) Using input driver 'libinput' for 'Power Button'
[    13.165] (II) systemd-logind: got fd for /dev/input/event2 13:66 fd 16 paused 0
[    13.165] (**) Power Button: always reports core events
[    13.165] (**) Option "Device" "/dev/input/event2"
[    13.165] (**) Option "_source" "server/udev"
[    13.169] (II) event2  - Power Button: is tagged by udev as: Keyboard
[    13.169] (II) event2  - Power Button: device is a keyboard
[    13.169] (II) event2  - Power Button: device removed
[    13.169] (**) Option "config_info" "udev:/sys/devices/LNXSYSTM:00/LNXPWRBN:00/input/input2/event2"
[    13.169] (II) XINPUT: Adding extended input device "Power Button" (type: KEYBOARD, id 6)
[    13.169] (**) Option "xkb_model" "pc105"
[    13.169] (**) Option "xkb_layout" "us,gr"
[    13.169] (WW) Option "xkb_variant" requires a string value
[    13.169] (**) Option "xkb_options" "grp:alt_shift_toggle"
[    13.194] (II) event2  - Power Button: is tagged by udev as: Keyboard
[    13.194] (II) event2  - Power Button: device is a keyboard
[    13.195] (II) config/udev: Adding input device Video Bus (/dev/input/event10)
[    13.195] (**) Video Bus: Applying InputClass "libinput keyboard catchall"
[    13.195] (**) Video Bus: Applying InputClass "system-keyboard"
[    13.195] (II) Using input driver 'libinput' for 'Video Bus'
[    13.195] (II) systemd-logind: got fd for /dev/input/event10 13:74 fd 19 paused 0
[    13.195] (**) Video Bus: always reports core events
[    13.195] (**) Option "Device" "/dev/input/event10"
[    13.196] (**) Option "_source" "server/udev"
[    13.197] (II) event10 - Video Bus: is tagged by udev as: Keyboard
[    13.197] (II) event10 - Video Bus: device is a keyboard
[    13.197] (II) event10 - Video Bus: device removed
[    13.197] (**) Option "config_info" "udev:/sys/devices/LNXSYSTM:00/LNXSYBUS:00/PNP0A08:00/LNXVIDEO:00/input/input14/event10"
[    13.197] (II) XINPUT: Adding extended input device "Video Bus" (type: KEYBOARD, id 7)
[    13.197] (**) Option "xkb_model" "pc105"
[    13.197] (**) Option "xkb_layout" "us,gr"
[    13.197] (WW) Option "xkb_variant" requires a string value
[    13.197] (**) Option "xkb_options" "grp:alt_shift_toggle"
[    13.198] (II) event10 - Video Bus: is tagged by udev as: Keyboard
[    13.198] (II) event10 - Video Bus: device is a keyboard
[    13.199] (II) config/udev: Adding input device Video Bus (/dev/input/event11)
[    13.199] (**) Video Bus: Applying InputClass "libinput keyboard catchall"
[    13.199] (**) Video Bus: Applying InputClass "system-keyboard"
[    13.199] (II) Using input driver 'libinput' for 'Video Bus'
[    13.200] (II) systemd-logind: got fd for /dev/input/event11 13:75 fd 20 paused 0
[    13.200] (**) Video Bus: always reports core events
[    13.200] (**) Option "Device" "/dev/input/event11"
[    13.200] (**) Option "_source" "server/udev"
[    13.201] (II) event11 - Video Bus: is tagged by udev as: Keyboard
[    13.201] (II) event11 - Video Bus: device is a keyboard
[    13.201] (II) event11 - Video Bus: device removed
[    13.201] (**) Option "config_info" "udev:/sys/devices/LNXSYSTM:00/LNXSYBUS:00/PNP0A08:00/device:34/LNXVIDEO:01/input/input15/event11"
[    13.201] (II) XINPUT: Adding extended input device "Video Bus" (type: KEYBOARD, id 8)
[    13.201] (**) Option "xkb_model" "pc105"
[    13.201] (**) Option "xkb_layout" "us,gr"
[    13.201] (WW) Option "xkb_variant" requires a string value
[    13.201] (**) Option "xkb_options" "grp:alt_shift_toggle"
[    13.203] (II) event11 - Video Bus: is tagged by udev as: Keyboard
[    13.203] (II) event11 - Video Bus: device is a keyboard
[    13.203] (II) config/udev: Adding input device Lid Switch (/dev/input/event0)
[    13.203] (II) No input driver specified, ignoring this device.
[    13.203] (II) This device may have been added with another device file.
[    13.204] (II) config/udev: Adding input device Sleep Button (/dev/input/event1)
[    13.204] (**) Sleep Button: Applying InputClass "libinput keyboard catchall"
[    13.204] (**) Sleep Button: Applying InputClass "system-keyboard"
[    13.204] (II) Using input driver 'libinput' for 'Sleep Button'
[    13.205] (II) systemd-logind: got fd for /dev/input/event1 13:65 fd 21 paused 0
[    13.205] (**) Sleep Button: always reports core events
[    13.205] (**) Option "Device" "/dev/input/event1"
[    13.205] (**) Option "_source" "server/udev"
[    13.206] (II) event1  - Sleep Button: is tagged by udev as: Keyboard
[    13.206] (II) event1  - Sleep Button: device is a keyboard
[    13.206] (II) event1  - Sleep Button: device removed
[    13.206] (**) Option "config_info" "udev:/sys/devices/LNXSYSTM:00/LNXSYBUS:00/PNP0C0E:00/input/input1/event1"
[    13.206] (II) XINPUT: Adding extended input device "Sleep Button" (type: KEYBOARD, id 9)
[    13.206] (**) Option "xkb_model" "pc105"
[    13.206] (**) Option "xkb_layout" "us,gr"
[    13.206] (WW) Option "xkb_variant" requires a string value
[    13.206] (**) Option "xkb_options" "grp:alt_shift_toggle"
[    13.207] (II) event1  - Sleep Button: is tagged by udev as: Keyboard
[    13.207] (II) event1  - Sleep Button: device is a keyboard
[    13.208] (II) config/udev: Adding input device XiaoMi USB 2.0 Webcam: XiaoMi U (/dev/input/event6)
[    13.208] (**) XiaoMi USB 2.0 Webcam: XiaoMi U: Applying InputClass "libinput keyboard catchall"
[    13.208] (**) XiaoMi USB 2.0 Webcam: XiaoMi U: Applying InputClass "system-keyboard"
[    13.208] (II) Using input driver 'libinput' for 'XiaoMi USB 2.0 Webcam: XiaoMi U'
[    13.209] (II) systemd-logind: got fd for /dev/input/event6 13:70 fd 22 paused 0
[    13.209] (**) XiaoMi USB 2.0 Webcam: XiaoMi U: always reports core events
[    13.209] (**) Option "Device" "/dev/input/event6"
[    13.209] (**) Option "_source" "server/udev"
[    13.211] (II) event6  - XiaoMi USB 2.0 Webcam: XiaoMi U: is tagged by udev as: Keyboard
[    13.211] (II) event6  - XiaoMi USB 2.0 Webcam: XiaoMi U: device is a keyboard
[    13.211] (II) event6  - XiaoMi USB 2.0 Webcam: XiaoMi U: device removed
[    13.211] (**) Option "config_info" "udev:/sys/devices/pci0000:00/0000:00:14.0/usb1/1-5/1-5:1.0/input/input6/event6"
[    13.211] (II) XINPUT: Adding extended input device "XiaoMi USB 2.0 Webcam: XiaoMi U" (type: KEYBOARD, id 10)
[    13.211] (**) Option "xkb_model" "pc105"
[    13.211] (**) Option "xkb_layout" "us,gr"
[    13.211] (WW) Option "xkb_variant" requires a string value
[    13.211] (**) Option "xkb_options" "grp:alt_shift_toggle"
[    13.212] (II) event6  - XiaoMi USB 2.0 Webcam: XiaoMi U: is tagged by udev as: Keyboard
[    13.212] (II) event6  - XiaoMi USB 2.0 Webcam: XiaoMi U: device is a keyboard
[    13.213] (II) config/udev: Adding input device ELAN2301:00 04F3:306B Mouse (/dev/input/event7)
[    13.213] (**) ELAN2301:00 04F3:306B Mouse: Applying InputClass "libinput pointer catchall"
[    13.213] (II) Using input driver 'libinput' for 'ELAN2301:00 04F3:306B Mouse'
[    13.214] (II) systemd-logind: got fd for /dev/input/event7 13:71 fd 23 paused 0
[    13.214] (**) ELAN2301:00 04F3:306B Mouse: always reports core events
[    13.214] (**) Option "Device" "/dev/input/event7"
[    13.214] (**) Option "_source" "server/udev"
[    13.216] (II) event7  - ELAN2301:00 04F3:306B Mouse: is tagged by udev as: Mouse Pointingstick
[    13.216] (II) event7  - ELAN2301:00 04F3:306B Mouse: device is a pointer
[    13.217] (II) event7  - ELAN2301:00 04F3:306B Mouse: device removed
[    13.217] (**) Option "config_info" "udev:/sys/devices/pci0000:00/0000:00:15.1/i2c_designware.1/i2c-2/i2c-ELAN2301:00/0018:04F3:306B.0001/input/input11/event7"
[    13.217] (II) XINPUT: Adding extended input device "ELAN2301:00 04F3:306B Mouse" (type: MOUSE, id 11)
[    13.217] (**) Option "AccelerationScheme" "none"
[    13.217] (**) ELAN2301:00 04F3:306B Mouse: (accel) selected scheme none/0
[    13.217] (**) ELAN2301:00 04F3:306B Mouse: (accel) acceleration factor: 2.000
[    13.217] (**) ELAN2301:00 04F3:306B Mouse: (accel) acceleration threshold: 4
[    13.218] (II) event7  - ELAN2301:00 04F3:306B Mouse: is tagged by udev as: Mouse Pointingstick
[    13.219] (II) event7  - ELAN2301:00 04F3:306B Mouse: device is a pointer
[    13.220] (II) config/udev: Adding input device ELAN2301:00 04F3:306B Mouse (/dev/input/mouse0)
[    13.220] (II) No input driver specified, ignoring this device.
[    13.220] (II) This device may have been added with another device file.
[    13.221] (II) config/udev: Adding input device ELAN2301:00 04F3:306B Touchpad (/dev/input/event8)
[    13.221] (**) ELAN2301:00 04F3:306B Touchpad: Applying InputClass "libinput touchpad catchall"
[    13.221] (**) ELAN2301:00 04F3:306B Touchpad: Applying InputClass "libinput touchpad"
[    13.221] (II) Using input driver 'libinput' for 'ELAN2301:00 04F3:306B Touchpad'
[    13.221] (II) systemd-logind: got fd for /dev/input/event8 13:72 fd 24 paused 0
[    13.222] (**) ELAN2301:00 04F3:306B Touchpad: always reports core events
[    13.222] (**) Option "Device" "/dev/input/event8"
[    13.222] (**) Option "_source" "server/udev"
[    13.223] (II) event8  - ELAN2301:00 04F3:306B Touchpad: is tagged by udev as: Touchpad
[    13.225] (II) event8  - ELAN2301:00 04F3:306B Touchpad: device is a touchpad
[    13.225] (II) event8  - ELAN2301:00 04F3:306B Touchpad: device removed
[    13.225] (**) Option "Tapping" "on"
[    13.225] (**) Option "NaturalScrolling" "true"
[    13.225] (**) Option "ClickMethod" "clickfinger"
[    13.225] (**) Option "config_info" "udev:/sys/devices/pci0000:00/0000:00:15.1/i2c_designware.1/i2c-2/i2c-ELAN2301:00/0018:04F3:306B.0001/input/input13/event8"
[    13.225] (II) XINPUT: Adding extended input device "ELAN2301:00 04F3:306B Touchpad" (type: TOUCHPAD, id 12)
[    13.226] (**) Option "AccelerationScheme" "none"
[    13.226] (**) ELAN2301:00 04F3:306B Touchpad: (accel) selected scheme none/0
[    13.226] (**) ELAN2301:00 04F3:306B Touchpad: (accel) acceleration factor: 2.000
[    13.226] (**) ELAN2301:00 04F3:306B Touchpad: (accel) acceleration threshold: 4
[    13.228] (II) event8  - ELAN2301:00 04F3:306B Touchpad: is tagged by udev as: Touchpad
[    13.229] (II) event8  - ELAN2301:00 04F3:306B Touchpad: device is a touchpad
[    13.230] (II) config/udev: Adding input device ELAN2301:00 04F3:306B Touchpad (/dev/input/mouse1)
[    13.230] (II) No input driver specified, ignoring this device.
[    13.230] (II) This device may have been added with another device file.
[    13.231] (II) config/udev: Adding input device HDA Intel PCH Headphone (/dev/input/event12)
[    13.231] (II) No input driver specified, ignoring this device.
[    13.231] (II) This device may have been added with another device file.
[    13.231] (II) config/udev: Adding input device HDA Intel PCH HDMI/DP,pcm=3 (/dev/input/event13)
[    13.231] (II) No input driver specified, ignoring this device.
[    13.231] (II) This device may have been added with another device file.
[    13.231] (II) config/udev: Adding input device HDA Intel PCH HDMI/DP,pcm=7 (/dev/input/event14)
[    13.231] (II) No input driver specified, ignoring this device.
[    13.231] (II) This device may have been added with another device file.
[    13.232] (II) config/udev: Adding input device HDA Intel PCH HDMI/DP,pcm=8 (/dev/input/event15)
[    13.232] (II) No input driver specified, ignoring this device.
[    13.232] (II) This device may have been added with another device file.
[    13.232] (II) config/udev: Adding input device HDA Intel PCH HDMI/DP,pcm=9 (/dev/input/event16)
[    13.232] (II) No input driver specified, ignoring this device.
[    13.232] (II) This device may have been added with another device file.
[    13.233] (II) config/udev: Adding input device HDA Intel PCH HDMI/DP,pcm=10 (/dev/input/event17)
[    13.233] (II) No input driver specified, ignoring this device.
[    13.233] (II) This device may have been added with another device file.
[    13.233] (II) config/udev: Adding input device AT Translated Set 2 keyboard (/dev/input/event3)
[    13.233] (**) AT Translated Set 2 keyboard: Applying InputClass "libinput keyboard catchall"
[    13.233] (**) AT Translated Set 2 keyboard: Applying InputClass "system-keyboard"
[    13.233] (II) Using input driver 'libinput' for 'AT Translated Set 2 keyboard'
[    13.234] (II) systemd-logind: got fd for /dev/input/event3 13:67 fd 25 paused 0
[    13.234] (**) AT Translated Set 2 keyboard: always reports core events
[    13.234] (**) Option "Device" "/dev/input/event3"
[    13.234] (**) Option "_source" "server/udev"
[    13.235] (II) event3  - AT Translated Set 2 keyboard: is tagged by udev as: Keyboard
[    13.235] (II) event3  - AT Translated Set 2 keyboard: device is a keyboard
[    13.236] (II) event3  - AT Translated Set 2 keyboard: device removed
[    13.236] (**) Option "config_info" "udev:/sys/devices/platform/i8042/serio0/input/input3/event3"
[    13.236] (II) XINPUT: Adding extended input device "AT Translated Set 2 keyboard" (type: KEYBOARD, id 13)
[    13.236] (**) Option "xkb_model" "pc105"
[    13.236] (**) Option "xkb_layout" "us,gr"
[    13.236] (WW) Option "xkb_variant" requires a string value
[    13.236] (**) Option "xkb_options" "grp:alt_shift_toggle"
[    13.238] (II) event3  - AT Translated Set 2 keyboard: is tagged by udev as: Keyboard
[    13.238] (II) event3  - AT Translated Set 2 keyboard: device is a keyboard
[    13.239] (II) config/udev: Adding input device PC Speaker (/dev/input/event5)
[    13.239] (II) No input driver specified, ignoring this device.
[    13.239] (II) This device may have been added with another device file.
[    13.241] (II) config/udev: Adding input device Dell AIO WMI hotkeys (/dev/input/event9)
[    13.241] (**) Dell AIO WMI hotkeys: Applying InputClass "libinput keyboard catchall"
[    13.241] (**) Dell AIO WMI hotkeys: Applying InputClass "system-keyboard"
[    13.241] (II) Using input driver 'libinput' for 'Dell AIO WMI hotkeys'
[    13.242] (II) systemd-logind: got fd for /dev/input/event9 13:73 fd 26 paused 0
[    13.242] (**) Dell AIO WMI hotkeys: always reports core events
[    13.242] (**) Option "Device" "/dev/input/event9"
[    13.242] (**) Option "_source" "server/udev"
[    13.242] (II) event9  - Dell AIO WMI hotkeys: is tagged by udev as: Keyboard
[    13.243] (II) event9  - Dell AIO WMI hotkeys: device is a keyboard
[    13.243] (II) event9  - Dell AIO WMI hotkeys: device removed
[    13.243] (**) Option "config_info" "udev:/sys/devices/virtual/input/input10/event9"
[    13.243] (II) XINPUT: Adding extended input device "Dell AIO WMI hotkeys" (type: KEYBOARD, id 14)
[    13.243] (**) Option "xkb_model" "pc105"
[    13.243] (**) Option "xkb_layout" "us,gr"
[    13.243] (WW) Option "xkb_variant" requires a string value
[    13.243] (**) Option "xkb_options" "grp:alt_shift_toggle"
[    13.243] (II) event9  - Dell AIO WMI hotkeys: is tagged by udev as: Keyboard
[    13.243] (II) event9  - Dell AIO WMI hotkeys: device is a keyboard
[    13.244] (II) config/udev: Adding input device HP Wireless hotkeys (/dev/input/event4)
[    13.244] (**) HP Wireless hotkeys: Applying InputClass "libinput keyboard catchall"
[    13.244] (**) HP Wireless hotkeys: Applying InputClass "system-keyboard"
[    13.244] (II) Using input driver 'libinput' for 'HP Wireless hotkeys'
[    13.245] (II) systemd-logind: got fd for /dev/input/event4 13:68 fd 27 paused 0
[    13.245] (**) HP Wireless hotkeys: always reports core events
[    13.245] (**) Option "Device" "/dev/input/event4"
[    13.245] (**) Option "_source" "server/udev"
[    13.245] (II) event4  - HP Wireless hotkeys: is tagged by udev as: Keyboard
[    13.245] (II) event4  - HP Wireless hotkeys: device is a keyboard
[    13.245] (II) event4  - HP Wireless hotkeys: device removed
[    13.245] (**) Option "config_info" "udev:/sys/devices/virtual/input/input4/event4"
[    13.245] (II) XINPUT: Adding extended input device "HP Wireless hotkeys" (type: KEYBOARD, id 15)
[    13.245] (**) Option "xkb_model" "pc105"
[    13.245] (**) Option "xkb_layout" "us,gr"
[    13.245] (WW) Option "xkb_variant" requires a string value
[    13.245] (**) Option "xkb_options" "grp:alt_shift_toggle"
[    13.246] (II) event4  - HP Wireless hotkeys: is tagged by udev as: Keyboard
[    13.246] (II) event4  - HP Wireless hotkeys: device is a keyboard
[    15.068] (II) intel(0): EDID vendor "BOE", prod id 1719
[    15.068] (II) intel(0): Printing DDC gathered Modelines:
[    15.068] (II) intel(0): Modeline "1920x1080"x0.0  147.80  1920 1968 2000 2200  1080 1083 1089 1120 +hsync -vsync (67.2 kHz eP)
[    15.068] (II) intel(0): Modeline "1920x1080"x0.0  118.30  1920 1968 2000 2200  1080 1083 1089 1120 +hsync -vsync (53.8 kHz e)
[   410.581] (EE) event8  - ELAN2301:00 04F3:306B Touchpad: kernel bug: Touch jump detected and discarded.
See https://wayland.freedesktop.org/libinput/doc/1.16.4/touchpad-jumping-cursors.html for details
[  1013.371] (EE) event8  - ELAN2301:00 04F3:306B Touchpad: kernel bug: Touch jump detected and discarded.
See https://wayland.freedesktop.org/libinput/doc/1.16.4/touchpad-jumping-cursors.html for details
